Using pre-set license
Built from '2020.3/staging' branch; Version is '2020.3.14f1 (d0d1bb862f9d) revision 13685179'; Using compiler version '192528614'; Build Type 'Release'
OS: 'Windows 10 Education; OS build 19042.1348; Version 2009; 64bit' Language: 'en' Physical Memory: 16180 MB
BatchMode: 1, IsHumanControllingUs: 0, StartBugReporterOnCrash: 0, Is64bit: 1, IsPro: 0

 COMMAND LINE ARGUMENTS:
C:\Program Files\Unity\Editor\Unity.exe
-adb2
-batchMode
-noUpm
-name
AssetImportWorker0
-projectPath
C:/Users/w0438214/OneDrive - Nova Scotia Community College/Game Cinematics/Sound_SpaceShooter-main
-logFile
Logs/AssetImportWorker0.log
-srvPort
57520
Successfully changed project path to: C:/Users/w0438214/OneDrive - Nova Scotia Community College/Game Cinematics/Sound_SpaceShooter-main
C:/Users/w0438214/OneDrive - Nova Scotia Community College/Game Cinematics/Sound_SpaceShooter-main
Using Asset Import Pipeline V2.
Refreshing native plugins compatible for Editor in 27.49 ms, found 2 plugins.
Preloading 0 native plugins for Editor in 0.00 ms.
Initialize engine version: 2020.3.14f1 (d0d1bb862f9d)
[Subsystems] Discovering subsystems at path C:/Program Files/Unity/Editor/Data/Resources/UnitySubsystems
[Subsystems] Discovering subsystems at path C:/Users/w0438214/OneDrive - Nova Scotia Community College/Game Cinematics/Sound_SpaceShooter-main/Assets
GfxDevice: creating device client; threaded=0
Direct3D:
    Version:  Direct3D 11.0 [level 11.0]
    Renderer: NVIDIA Quadro K2200 (ID=0x13ba)
    Vendor:   
    VRAM:     4053 MB
    Driver:   27.21.14.6192
Initialize mono
Mono path[0] = 'C:/Program Files/Unity/Editor/Data/Managed'
Mono path[1] = 'C:/Program Files/Unity/Editor/Data/MonoBleedingEdge/lib/mono/unityjit'
Mono config path = 'C:/Program Files/Unity/Editor/Data/MonoBleedingEdge/etc'
Using monoOptions --debugger-agent=transport=dt_socket,embedding=1,server=y,suspend=n,address=127.0.0.1:56768
Begin MonoManager ReloadAssembly
Registering precompiled unity dll's ...
Register platform support module: C:/Program Files/Unity/Editor/Data/PlaybackEngines/WindowsStandaloneSupport/UnityEditor.WindowsStandalone.Extensions.dll
Registered in 0.001930 seconds.
Native extension for WindowsStandalone target not found
Refreshing native plugins compatible for Editor in 26.23 ms, found 2 plugins.
Preloading 0 native plugins for Editor in 0.00 ms.
Mono: successfully reloaded assembly
- Completed reload, in  1.037 seconds
Domain Reload Profiling:
	ReloadAssembly (1037ms)
		BeginReloadAssembly (59ms)
			ExecutionOrderSort (0ms)
			DisableScriptedObjects (0ms)
			BackupInstance (0ms)
			ReleaseScriptingObjects (0ms)
			CreateAndSetChildDomain (1ms)
		EndReloadAssembly (408ms)
			LoadAssemblies (56ms)
			RebuildTransferFunctionScriptingTraits (0ms)
			SetupTypeCache (152ms)
			ReleaseScriptCaches (0ms)
			RebuildScriptCaches (32ms)
			SetupLoadedEditorAssemblies (154ms)
				LogAssemblyErrors (0ms)
				InitializePlatformSupportModulesInManaged (4ms)
				SetLoadedEditorAssemblies (0ms)
				RefreshPlugins (26ms)
				BeforeProcessingInitializeOnLoad (14ms)
				ProcessInitializeOnLoadAttributes (81ms)
				ProcessInitializeOnLoadMethodAttributes (28ms)
				AfterProcessingInitializeOnLoad (0ms)
				EditorAssembliesLoaded (0ms)
			ExecutionOrderSort2 (0ms)
			AwakeInstancesAfterBackupRestoration (0ms)
Platform modules already initialized, skipping
Registering precompiled user dll's ...
Registered in 0.004015 seconds.
Begin MonoManager ReloadAssembly
Native extension for WindowsStandalone target not found
Refreshing native plugins compatible for Editor in 0.30 ms, found 2 plugins.
Preloading 0 native plugins for Editor in 0.00 ms.
Mono: successfully reloaded assembly
- Completed reload, in  0.992 seconds
Domain Reload Profiling:
	ReloadAssembly (993ms)
		BeginReloadAssembly (140ms)
			ExecutionOrderSort (0ms)
			DisableScriptedObjects (5ms)
			BackupInstance (0ms)
			ReleaseScriptingObjects (0ms)
			CreateAndSetChildDomain (17ms)
		EndReloadAssembly (792ms)
			LoadAssemblies (84ms)
			RebuildTransferFunctionScriptingTraits (0ms)
			SetupTypeCache (269ms)
			ReleaseScriptCaches (0ms)
			RebuildScriptCaches (41ms)
			SetupLoadedEditorAssemblies (303ms)
				LogAssemblyErrors (0ms)
				InitializePlatformSupportModulesInManaged (5ms)
				SetLoadedEditorAssemblies (0ms)
				RefreshPlugins (0ms)
				BeforeProcessingInitializeOnLoad (88ms)
				ProcessInitializeOnLoadAttributes (198ms)
				ProcessInitializeOnLoadMethodAttributes (4ms)
				AfterProcessingInitializeOnLoad (6ms)
				EditorAssembliesLoaded (0ms)
			ExecutionOrderSort2 (0ms)
			AwakeInstancesAfterBackupRestoration (8ms)
Platform modules already initialized, skipping
========================================================================
Worker process is ready to serve import requests
Launched and connected shader compiler UnityShaderCompiler.exe after 0.04 seconds
Refreshing native plugins compatible for Editor in 0.37 ms, found 2 plugins.
Preloading 0 native plugins for Editor in 0.00 ms.
Unloading 1414 Unused Serialized files (Serialized files now loaded: 0)
System memory in use before: 67.5 MB.
System memory in use after: 67.6 MB.

Unloading 18 unused Assets to reduce memory usage. Loaded Objects now: 1848.
Total: 2.228200 ms (FindLiveObjects: 0.186000 ms CreateObjectMapping: 0.053600 ms MarkObjects: 1.920500 ms  DeleteObjects: 0.067000 ms)

AssetImportParameters requested are different than current active one (requested -> active):
  custom:framework-win-MediaFoundation: 216162199b28c13a410421893ffa2e32 -> 
  custom:video-decoder-ogg-theora: a1e56fd34408186e4bbccfd4996cb3dc -> 
  custom:container-muxer-webm: aa71ff27fc2769a1b78a27578f13a17b -> 
  custom:container-demuxer-webm: 4f35f7cbe854078d1ac9338744f61a02 -> 
  custom:container-demuxer-ogg: 62fdf1f143b41e24485cea50d1cbac27 -> 
  custom:video-encoder-webm-vp8: eb34c28f22e8b96e1ab97ce403110664 -> 
  custom:video-decoder-webm-vp8: 9c59270c3fd7afecdb556c50c9e8de78 -> 
  custom:audio-decoder-ogg-vorbis: bf7c407c2cedff20999df2af8eb42d56 -> 
  custom:audio-encoder-webm-vorbis: bf7c407c2cedff20999df2af8eb42d56 -> 
========================================================================
Received Import Request.
  path: Assets/Audio
  artifactKey: Guid(306075fbe00b24251b6c889984a7a7d5) Importer(815301076,1909f56bfc062723c751e8b465ee728b)
Start importing Assets/Audio using Guid(306075fbe00b24251b6c889984a7a7d5) Importer(815301076,1909f56bfc062723c751e8b465ee728b)  -> (artifact id: '43332d9bb2a13f4f16b1b025539d9278') in 0.010230 seconds 
  Import took 0.012653 seconds .

========================================================================
Received Import Request.
  Time since last request: 0.000287 seconds.
  path: Assets/Audio/Silence_1second.mp3
  artifactKey: Guid(3637e9f0067dce545917d8bd0bdbb13f) Importer(815301076,1909f56bfc062723c751e8b465ee728b)
Start importing Assets/Audio/Silence_1second.mp3 using Guid(3637e9f0067dce545917d8bd0bdbb13f) Importer(815301076,1909f56bfc062723c751e8b465ee728b)  -> (artifact id: '7618e2fa007bab76ee818cfeeb191639') in 0.103170 seconds 
  Import took 0.105463 seconds .

========================================================================
Received Import Request.
  Time since last request: 0.000213 seconds.
  path: Assets/Audio/Music
  artifactKey: Guid(cb3a9e5a67c247d4babbe8813111e37c) Importer(815301076,1909f56bfc062723c751e8b465ee728b)
Start importing Assets/Audio/Music using Guid(cb3a9e5a67c247d4babbe8813111e37c) Importer(815301076,1909f56bfc062723c751e8b465ee728b)  -> (artifact id: '9ff3b812e28726a2381252e9be5d5b6f') in 0.008770 seconds 
  Import took 0.011169 seconds .

========================================================================
Received Import Request.
  Time since last request: 8.930291 seconds.
  path: Assets/Audio/Music/Context Sensitive - Weekly Loops Season 1 (Special Edition) - 42 21 - Fiction (loopable, 167bpm).mp3
  artifactKey: Guid(626f78663d2265e43b14bb845c6d2a65) Importer(815301076,1909f56bfc062723c751e8b465ee728b)
Start importing Assets/Audio/Music/Context Sensitive - Weekly Loops Season 1 (Special Edition) - 42 21 - Fiction (loopable, 167bpm).mp3 using Guid(626f78663d2265e43b14bb845c6d2a65) Importer(815301076,1909f56bfc062723c751e8b465ee728b)  -> (artifact id: '8179e650eef9430dd7b5da829e8ba3fd') in 0.014378 seconds 
  Import took 0.016948 seconds .

========================================================================
Received Import Request.
  Time since last request: 0.002918 seconds.
  path: Assets/Audio/Music/Context Sensitive - Weekly Loops Season 1 (Special Edition) - 42 21 - Fiction (loopable, 167bpm).mp3
  artifactKey: Guid(626f78663d2265e43b14bb845c6d2a65) Importer(815301076,1909f56bfc062723c751e8b465ee728b)
Start importing Assets/Audio/Music/Context Sensitive - Weekly Loops Season 1 (Special Edition) - 42 21 - Fiction (loopable, 167bpm).mp3 using Guid(626f78663d2265e43b14bb845c6d2a65) Importer(815301076,1909f56bfc062723c751e8b465ee728b)  -> (artifact id: '8179e650eef9430dd7b5da829e8ba3fd') in 0.011293 seconds 
  Import took 0.014533 seconds .

========================================================================
Received Import Request.
  Time since last request: 4.536661 seconds.
  path: Assets/Audio/Music/Context Sensitive - Weekly Loops Season 2 (Special Edition) - 52 61 - Earthbound (loopable).mp3
  artifactKey: Guid(3fe76beafd2f64c45802d53ddd20cafe) Importer(815301076,1909f56bfc062723c751e8b465ee728b)
Start importing Assets/Audio/Music/Context Sensitive - Weekly Loops Season 2 (Special Edition) - 52 61 - Earthbound (loopable).mp3 using Guid(3fe76beafd2f64c45802d53ddd20cafe) Importer(815301076,1909f56bfc062723c751e8b465ee728b)  -> (artifact id: '5a8dd46628c78da7393b1a7aad754521') in 0.013415 seconds 
  Import took 0.016451 seconds .

========================================================================
Received Import Request.
  Time since last request: 0.002707 seconds.
  path: Assets/Audio/Music/Context Sensitive - Weekly Loops Season 2 (Special Edition) - 52 61 - Earthbound (loopable).mp3
  artifactKey: Guid(3fe76beafd2f64c45802d53ddd20cafe) Importer(815301076,1909f56bfc062723c751e8b465ee728b)
Start importing Assets/Audio/Music/Context Sensitive - Weekly Loops Season 2 (Special Edition) - 52 61 - Earthbound (loopable).mp3 using Guid(3fe76beafd2f64c45802d53ddd20cafe) Importer(815301076,1909f56bfc062723c751e8b465ee728b)  -> (artifact id: '5a8dd46628c78da7393b1a7aad754521') in 0.013174 seconds 
  Import took 0.015878 seconds .

========================================================================
Received Import Request.
  Time since last request: 14.795525 seconds.
  path: Assets/Scenes/MainMenu.unity
  artifactKey: Guid(6ca86e32a0c730c48934c0b3de0b0dc7) Importer(815301076,1909f56bfc062723c751e8b465ee728b)
Start importing Assets/Scenes/MainMenu.unity using Guid(6ca86e32a0c730c48934c0b3de0b0dc7) Importer(815301076,1909f56bfc062723c751e8b465ee728b)  -> (artifact id: '27af4bc811486e4234686774a5f183f8') in 0.008214 seconds 
  Import took 0.011087 seconds .

========================================================================
Received Prepare
Registering precompiled user dll's ...
Registered in 0.004091 seconds.
Begin MonoManager ReloadAssembly
Native extension for WindowsStandalone target not found
Refreshing native plugins compatible for Editor in 0.31 ms, found 2 plugins.
Preloading 0 native plugins for Editor in 0.00 ms.
Mono: successfully reloaded assembly
- Completed reload, in  0.949 seconds
Domain Reload Profiling:
	ReloadAssembly (950ms)
		BeginReloadAssembly (114ms)
			ExecutionOrderSort (0ms)
			DisableScriptedObjects (4ms)
			BackupInstance (0ms)
			ReleaseScriptingObjects (0ms)
			CreateAndSetChildDomain (32ms)
		EndReloadAssembly (773ms)
			LoadAssemblies (85ms)
			RebuildTransferFunctionScriptingTraits (0ms)
			SetupTypeCache (265ms)
			ReleaseScriptCaches (1ms)
			RebuildScriptCaches (37ms)
			SetupLoadedEditorAssemblies (290ms)
				LogAssemblyErrors (0ms)
				InitializePlatformSupportModulesInManaged (5ms)
				SetLoadedEditorAssemblies (0ms)
				RefreshPlugins (0ms)
				BeforeProcessingInitializeOnLoad (83ms)
				ProcessInitializeOnLoadAttributes (188ms)
				ProcessInitializeOnLoadMethodAttributes (4ms)
				AfterProcessingInitializeOnLoad (9ms)
				EditorAssembliesLoaded (0ms)
			ExecutionOrderSort2 (0ms)
			AwakeInstancesAfterBackupRestoration (6ms)
Platform modules already initialized, skipping
Refreshing native plugins compatible for Editor in 0.45 ms, found 2 plugins.
Preloading 0 native plugins for Editor in 0.00 ms.
Unloading 1395 Unused Serialized files (Serialized files now loaded: 0)
System memory in use before: 69.2 MB.
System memory in use after: 69.3 MB.

Unloading 13 unused Assets to reduce memory usage. Loaded Objects now: 1860.
Total: 2.279200 ms (FindLiveObjects: 0.185000 ms CreateObjectMapping: 0.058900 ms MarkObjects: 2.016200 ms  DeleteObjects: 0.018000 ms)

AssetImportParameters requested are different than current active one (requested -> active):
  custom:framework-win-MediaFoundation: 216162199b28c13a410421893ffa2e32 -> 
  custom:video-decoder-ogg-theora: a1e56fd34408186e4bbccfd4996cb3dc -> 
  custom:container-muxer-webm: aa71ff27fc2769a1b78a27578f13a17b -> 
  custom:container-demuxer-webm: 4f35f7cbe854078d1ac9338744f61a02 -> 
  custom:container-demuxer-ogg: 62fdf1f143b41e24485cea50d1cbac27 -> 
  custom:video-encoder-webm-vp8: eb34c28f22e8b96e1ab97ce403110664 -> 
  custom:video-decoder-webm-vp8: 9c59270c3fd7afecdb556c50c9e8de78 -> 
  custom:audio-decoder-ogg-vorbis: bf7c407c2cedff20999df2af8eb42d56 -> 
  custom:audio-encoder-webm-vorbis: bf7c407c2cedff20999df2af8eb42d56 -> 
========================================================================
Received Import Request.
  Time since last request: 204.384805 seconds.
  path: Assets/Scenes/Gameplay.unity
  artifactKey: Guid(827567dcdec67e34ea145d78fd911ee2) Importer(815301076,1909f56bfc062723c751e8b465ee728b)
Start importing Assets/Scenes/Gameplay.unity using Guid(827567dcdec67e34ea145d78fd911ee2) Importer(815301076,1909f56bfc062723c751e8b465ee728b)  -> (artifact id: '79358b1c0dbcf838844f1d219dc07716') in 0.016158 seconds 
  Import took 0.018439 seconds .

========================================================================
Received Prepare
Registering precompiled user dll's ...
Registered in 0.003760 seconds.
Begin MonoManager ReloadAssembly
Native extension for WindowsStandalone target not found
Refreshing native plugins compatible for Editor in 0.30 ms, found 2 plugins.
Preloading 0 native plugins for Editor in 0.00 ms.
Mono: successfully reloaded assembly
- Completed reload, in  0.941 seconds
Domain Reload Profiling:
	ReloadAssembly (942ms)
		BeginReloadAssembly (111ms)
			ExecutionOrderSort (0ms)
			DisableScriptedObjects (5ms)
			BackupInstance (0ms)
			ReleaseScriptingObjects (0ms)
			CreateAndSetChildDomain (31ms)
		EndReloadAssembly (768ms)
			LoadAssemblies (82ms)
			RebuildTransferFunctionScriptingTraits (0ms)
			SetupTypeCache (265ms)
			ReleaseScriptCaches (1ms)
			RebuildScriptCaches (38ms)
			SetupLoadedEditorAssemblies (286ms)
				LogAssemblyErrors (0ms)
				InitializePlatformSupportModulesInManaged (5ms)
				SetLoadedEditorAssemblies (0ms)
				RefreshPlugins (0ms)
				BeforeProcessingInitializeOnLoad (81ms)
				ProcessInitializeOnLoadAttributes (189ms)
				ProcessInitializeOnLoadMethodAttributes (4ms)
				AfterProcessingInitializeOnLoad (6ms)
				EditorAssembliesLoaded (0ms)
			ExecutionOrderSort2 (0ms)
			AwakeInstancesAfterBackupRestoration (6ms)
Platform modules already initialized, skipping
Refreshing native plugins compatible for Editor in 0.30 ms, found 2 plugins.
Preloading 0 native plugins for Editor in 0.00 ms.
Unloading 1395 Unused Serialized files (Serialized files now loaded: 0)
System memory in use before: 69.2 MB.
System memory in use after: 69.3 MB.

Unloading 13 unused Assets to reduce memory usage. Loaded Objects now: 1863.
Total: 2.113500 ms (FindLiveObjects: 0.156900 ms CreateObjectMapping: 0.047200 ms MarkObjects: 1.888900 ms  DeleteObjects: 0.019500 ms)

AssetImportParameters requested are different than current active one (requested -> active):
  custom:framework-win-MediaFoundation: 216162199b28c13a410421893ffa2e32 -> 
  custom:video-decoder-ogg-theora: a1e56fd34408186e4bbccfd4996cb3dc -> 
  custom:container-muxer-webm: aa71ff27fc2769a1b78a27578f13a17b -> 
  custom:container-demuxer-webm: 4f35f7cbe854078d1ac9338744f61a02 -> 
  custom:container-demuxer-ogg: 62fdf1f143b41e24485cea50d1cbac27 -> 
  custom:video-encoder-webm-vp8: eb34c28f22e8b96e1ab97ce403110664 -> 
  custom:video-decoder-webm-vp8: 9c59270c3fd7afecdb556c50c9e8de78 -> 
  custom:audio-decoder-ogg-vorbis: bf7c407c2cedff20999df2af8eb42d56 -> 
  custom:audio-encoder-webm-vorbis: bf7c407c2cedff20999df2af8eb42d56 -> 
========================================================================
Received Import Request.
  Time since last request: 3149.530799 seconds.
  path: Assets/Audio/Music/8-bit-kit-explosion-2.wav
  artifactKey: Guid(07007dfe159c0f24ca30db05e132c1d7) Importer(815301076,1909f56bfc062723c751e8b465ee728b)
Start importing Assets/Audio/Music/8-bit-kit-explosion-2.wav using Guid(07007dfe159c0f24ca30db05e132c1d7) Importer(815301076,1909f56bfc062723c751e8b465ee728b)  -> (artifact id: '7f15b7522a79c2b196a101a12b391fd5') in 0.069263 seconds 
  Import took 0.074974 seconds .

========================================================================
Received Import Request.
  Time since last request: 2.256416 seconds.
  path: Assets/Audio/Music/Retro-8-bit-damage.mp3
  artifactKey: Guid(b32316734425cb24e8897a91b8636447) Importer(815301076,1909f56bfc062723c751e8b465ee728b)
Start importing Assets/Audio/Music/Retro-8-bit-damage.mp3 using Guid(b32316734425cb24e8897a91b8636447) Importer(815301076,1909f56bfc062723c751e8b465ee728b)  -> (artifact id: '0df4e5c4615732c45bc9099bc7ed2b78') in 0.017373 seconds 
  Import took 0.020252 seconds .

========================================================================
Received Import Request.
  Time since last request: 1.648350 seconds.
  path: Assets/Audio/Music/Arcade-8-bit-shot.mp3
  artifactKey: Guid(7a4feb66906737b479e3974379a2753c) Importer(815301076,1909f56bfc062723c751e8b465ee728b)
Start importing Assets/Audio/Music/Arcade-8-bit-shot.mp3 using Guid(7a4feb66906737b479e3974379a2753c) Importer(815301076,1909f56bfc062723c751e8b465ee728b)  -> (artifact id: '1cbd82a1ad3891535d1c4f02cac9b2c3') in 0.015476 seconds 
  Import took 0.018388 seconds .

========================================================================
Received Import Request.
  Time since last request: 1.698942 seconds.
  path: Assets/Audio/Music/explosion_F_minor.wav
  artifactKey: Guid(a91f6d4cb97a23c4f9e6b0428ac15ce0) Importer(815301076,1909f56bfc062723c751e8b465ee728b)
Start importing Assets/Audio/Music/explosion_F_minor.wav using Guid(a91f6d4cb97a23c4f9e6b0428ac15ce0) Importer(815301076,1909f56bfc062723c751e8b465ee728b)  -> (artifact id: 'c5b1bad2656fca67c92649674ee3bd2e') in 0.017240 seconds 
  Import took 0.020172 seconds .

AssetImportWorkerClient::OnTransportError - code=2 error=End of file
